
Windows IP Configuration


Ethernet adapter Ethernet:

   Media State . . . . . . . . . . . : Media disconnected
   Connection-specific DNS Suffix  . : 

Wireless LAN adapter Local Area Connection* 2:

   Media State . . . . . . . . . . . : Media disconnected
   Connection-specific DNS Suffix  . : 

Wireless LAN adapter WiFi:

   Connection-specific DNS Suffix  . : home
   Link-local IPv6 Address . . . . . : fe80::3162:6b27:60e6:3ec%14
   IPv4 Address. . . . . . . . . . . : 192.168.1.79
   Subnet Mask . . . . . . . . . . . : 255.255.255.0
   Default Gateway . . . . . . . . . : 192.168.1.254

Ethernet adapter Bluetooth Network Connection:

   Media State . . . . . . . . . . . : Media disconnected
   Connection-specific DNS Suffix  . : 

Tunnel adapter isatap.home:

   Media State . . . . . . . . . . . : Media disconnected
   Connection-specific DNS Suffix  . : home

Tunnel adapter Teredo Tunneling Pseudo-Interface:

   Connection-specific DNS Suffix  . : 
   IPv6 Address. . . . . . . . . . . : 2001:0:5ef5:79fb:20a6:155d:a95c:947e
   Link-local IPv6 Address . . . . . : fe80::20a6:155d:a95c:947e%13
   Default Gateway . . . . . . . . . : ::
